<?xml version="1.0" encoding="UTF-8"?>
<testng-results skipped="0" failed="1" ignored="0" total="10" passed="9">
  <reporter-output>
  </reporter-output>
  <suite name="Default suite" duration-ms="123346" started-at="2020-01-10T16:43:15 IST" finished-at="2020-01-10T16:45:18 IST">
    <groups>
    </groups>
    <test name="Default test" duration-ms="123346" started-at="2020-01-10T16:43:15 IST" finished-at="2020-01-10T16:45:18 IST">
      <class name="Testcases.Google_02_PageTest">
        <test-method status="PASS" signature="getTest()[pri:0, instance:Testcases.Google_02_PageTest@2173f6d9]" name="getTest" is-config="true" duration-ms="1091" started-at="2020-01-10T16:43:15 IST" finished-at="2020-01-10T16:43:16 IST">
          <reporter-output>
          </reporter-output>
        </test-method> <!-- getTest -->
        <test-method status="PASS" signature="setUp()[pri:0, instance:Testcases.Google_02_PageTest@2173f6d9]" name="setUp" is-config="true" duration-ms="7772" started-at="2020-01-10T16:43:16 IST" finished-at="2020-01-10T16:43:24 IST">
          <reporter-output>
          </reporter-output>
        </test-method> <!-- setUp -->
        <test-method status="PASS" signature="verifyAccount()[pri:1, instance:Testcases.Google_02_PageTest@2173f6d9]" name="verifyAccount" duration-ms="3265" started-at="2020-01-10T16:43:24 IST" finished-at="2020-01-10T16:43:27 IST">
          <reporter-output>
          </reporter-output>
        </test-method> <!-- verifyAccount -->
        <test-method status="PASS" signature="tearDown()[pri:0, instance:Testcases.Google_02_PageTest@2173f6d9]" name="tearDown" is-config="true" duration-ms="981" started-at="2020-01-10T16:43:27 IST" finished-at="2020-01-10T16:43:28 IST">
          <reporter-output>
          </reporter-output>
        </test-method> <!-- tearDown -->
        <test-method status="PASS" signature="setUp()[pri:0, instance:Testcases.Google_02_PageTest@2173f6d9]" name="setUp" is-config="true" duration-ms="8873" started-at="2020-01-10T16:43:28 IST" finished-at="2020-01-10T16:43:37 IST">
          <reporter-output>
          </reporter-output>
        </test-method> <!-- setUp -->
        <test-method status="PASS" signature="verifySearch()[pri:2, instance:Testcases.Google_02_PageTest@2173f6d9]" name="verifySearch" duration-ms="3219" started-at="2020-01-10T16:43:37 IST" finished-at="2020-01-10T16:43:40 IST">
          <reporter-output>
          </reporter-output>
        </test-method> <!-- verifySearch -->
        <test-method status="PASS" signature="tearDown()[pri:0, instance:Testcases.Google_02_PageTest@2173f6d9]" name="tearDown" is-config="true" duration-ms="1043" started-at="2020-01-10T16:43:40 IST" finished-at="2020-01-10T16:43:41 IST">
          <reporter-output>
          </reporter-output>
        </test-method> <!-- tearDown -->
        <test-method status="PASS" signature="setUp()[pri:0, instance:Testcases.Google_02_PageTest@2173f6d9]" name="setUp" is-config="true" duration-ms="7385" started-at="2020-01-10T16:43:41 IST" finished-at="2020-01-10T16:43:48 IST">
          <reporter-output>
          </reporter-output>
        </test-method> <!-- setUp -->
        <test-method status="PASS" signature="verifyMaps()[pri:3, instance:Testcases.Google_02_PageTest@2173f6d9]" name="verifyMaps" duration-ms="3212" started-at="2020-01-10T16:43:48 IST" finished-at="2020-01-10T16:43:52 IST">
          <reporter-output>
          </reporter-output>
        </test-method> <!-- verifyMaps -->
        <test-method status="PASS" signature="tearDown()[pri:0, instance:Testcases.Google_02_PageTest@2173f6d9]" name="tearDown" is-config="true" duration-ms="1087" started-at="2020-01-10T16:43:52 IST" finished-at="2020-01-10T16:43:53 IST">
          <reporter-output>
          </reporter-output>
        </test-method> <!-- tearDown -->
        <test-method status="PASS" signature="setUp()[pri:0, instance:Testcases.Google_02_PageTest@2173f6d9]" name="setUp" is-config="true" duration-ms="7985" started-at="2020-01-10T16:43:53 IST" finished-at="2020-01-10T16:44:01 IST">
          <reporter-output>
          </reporter-output>
        </test-method> <!-- setUp -->
        <test-method status="PASS" signature="verifyYouTube()[pri:4, instance:Testcases.Google_02_PageTest@2173f6d9]" name="verifyYouTube" duration-ms="3201" started-at="2020-01-10T16:44:01 IST" finished-at="2020-01-10T16:44:04 IST">
          <reporter-output>
          </reporter-output>
        </test-method> <!-- verifyYouTube -->
        <test-method status="PASS" signature="tearDown()[pri:0, instance:Testcases.Google_02_PageTest@2173f6d9]" name="tearDown" is-config="true" duration-ms="951" started-at="2020-01-10T16:44:04 IST" finished-at="2020-01-10T16:44:05 IST">
          <reporter-output>
          </reporter-output>
        </test-method> <!-- tearDown -->
        <test-method status="PASS" signature="setUp()[pri:0, instance:Testcases.Google_02_PageTest@2173f6d9]" name="setUp" is-config="true" duration-ms="7956" started-at="2020-01-10T16:44:05 IST" finished-at="2020-01-10T16:44:13 IST">
          <reporter-output>
          </reporter-output>
        </test-method> <!-- setUp -->
        <test-method status="PASS" signature="verifyPlay()[pri:5, instance:Testcases.Google_02_PageTest@2173f6d9]" name="verifyPlay" duration-ms="3335" started-at="2020-01-10T16:44:13 IST" finished-at="2020-01-10T16:44:16 IST">
          <reporter-output>
          </reporter-output>
        </test-method> <!-- verifyPlay -->
        <test-method status="PASS" signature="tearDown()[pri:0, instance:Testcases.Google_02_PageTest@2173f6d9]" name="tearDown" is-config="true" duration-ms="931" started-at="2020-01-10T16:44:16 IST" finished-at="2020-01-10T16:44:17 IST">
          <reporter-output>
          </reporter-output>
        </test-method> <!-- tearDown -->
        <test-method status="PASS" signature="setUp()[pri:0, instance:Testcases.Google_02_PageTest@2173f6d9]" name="setUp" is-config="true" duration-ms="6752" started-at="2020-01-10T16:44:17 IST" finished-at="2020-01-10T16:44:24 IST">
          <reporter-output>
          </reporter-output>
        </test-method> <!-- setUp -->
        <test-method status="PASS" signature="verifyNews()[pri:6, instance:Testcases.Google_02_PageTest@2173f6d9]" name="verifyNews" duration-ms="3357" started-at="2020-01-10T16:44:24 IST" finished-at="2020-01-10T16:44:27 IST">
          <reporter-output>
          </reporter-output>
        </test-method> <!-- verifyNews -->
        <test-method status="PASS" signature="tearDown()[pri:0, instance:Testcases.Google_02_PageTest@2173f6d9]" name="tearDown" is-config="true" duration-ms="986" started-at="2020-01-10T16:44:27 IST" finished-at="2020-01-10T16:44:28 IST">
          <reporter-output>
          </reporter-output>
        </test-method> <!-- tearDown -->
        <test-method status="PASS" signature="setUp()[pri:0, instance:Testcases.Google_02_PageTest@2173f6d9]" name="setUp" is-config="true" duration-ms="6433" started-at="2020-01-10T16:44:28 IST" finished-at="2020-01-10T16:44:35 IST">
          <reporter-output>
          </reporter-output>
        </test-method> <!-- setUp -->
        <test-method status="FAIL" signature="verifyGmail()[pri:7, instance:Testcases.Google_02_PageTest@2173f6d9]" name="verifyGmail" duration-ms="7814" started-at="2020-01-10T16:44:35 IST" finished-at="2020-01-10T16:44:42 IST">
          <exception class="java.lang.AssertionError">
            <message>
              <![CDATA[did not expect to find [true] but found [false]]]>
            </message>
            <full-stacktrace>
              <![CDATA[java.lang.AssertionError: did not expect to find [true] but found [false]
at org.testng.Assert.fail(Assert.java:97)
at org.testng.Assert.failNotEquals(Assert.java:969)
at org.testng.Assert.assertTrue(Assert.java:43)
at org.testng.Assert.assertTrue(Assert.java:53)
at pages.Google_02_Page.verifyGmail(Google_02_Page.java:176)
at Testcases.Google_02_PageTest.verifyGmail(Google_02_PageTest.java:97)
at sun.reflect.NativeMethodAccessorImpl.invoke0(Native Method)
at sun.reflect.NativeMethodAccessorImpl.invoke(NativeMethodAccessorImpl.java:62)
at sun.reflect.DelegatingMethodAccessorImpl.invoke(DelegatingMethodAccessorImpl.java:43)
at java.lang.reflect.Method.invoke(Method.java:498)
at org.testng.internal.MethodInvocationHelper.invokeMethod(MethodInvocationHelper.java:133)
at org.testng.internal.TestInvoker.invokeMethod(TestInvoker.java:584)
at org.testng.internal.TestInvoker.invokeTestMethod(TestInvoker.java:172)
at org.testng.internal.MethodRunner.runInSequence(MethodRunner.java:46)
at org.testng.internal.TestInvoker$MethodInvocationAgent.invoke(TestInvoker.java:804)
at org.testng.internal.TestInvoker.invokeTestMethods(TestInvoker.java:145)
at org.testng.internal.TestMethodWorker.invokeTestMethods(TestMethodWorker.java:146)
at org.testng.internal.TestMethodWorker.run(TestMethodWorker.java:128)
at java.util.ArrayList.forEach(ArrayList.java:1257)
at org.testng.TestRunner.privateRun(TestRunner.java:770)
at org.testng.TestRunner.run(TestRunner.java:591)
at org.testng.SuiteRunner.runTest(SuiteRunner.java:402)
at org.testng.SuiteRunner.runSequentially(SuiteRunner.java:396)
at org.testng.SuiteRunner.privateRun(SuiteRunner.java:355)
at org.testng.SuiteRunner.run(SuiteRunner.java:304)
at org.testng.SuiteRunnerWorker.runSuite(SuiteRunnerWorker.java:53)
at org.testng.SuiteRunnerWorker.run(SuiteRunnerWorker.java:96)
at org.testng.TestNG.runSuitesSequentially(TestNG.java:1180)
at org.testng.TestNG.runSuitesLocally(TestNG.java:1102)
at org.testng.TestNG.runSuites(TestNG.java:1032)
at org.testng.TestNG.run(TestNG.java:1000)
at org.testng.remote.AbstractRemoteTestNG.run(AbstractRemoteTestNG.java:115)
at org.testng.remote.RemoteTestNG.initAndRun(RemoteTestNG.java:251)
at org.testng.remote.RemoteTestNG.main(RemoteTestNG.java:77)
]]>
            </full-stacktrace>
          </exception> <!-- java.lang.AssertionError -->
          <reporter-output>
          </reporter-output>
        </test-method> <!-- verifyGmail -->
        <test-method status="PASS" signature="tearDown()[pri:0, instance:Testcases.Google_02_PageTest@2173f6d9]" name="tearDown" is-config="true" duration-ms="917" started-at="2020-01-10T16:44:42 IST" finished-at="2020-01-10T16:44:43 IST">
          <reporter-output>
          </reporter-output>
        </test-method> <!-- tearDown -->
        <test-method status="PASS" signature="setUp()[pri:0, instance:Testcases.Google_02_PageTest@2173f6d9]" name="setUp" is-config="true" duration-ms="7054" started-at="2020-01-10T16:44:43 IST" finished-at="2020-01-10T16:44:50 IST">
          <reporter-output>
          </reporter-output>
        </test-method> <!-- setUp -->
        <test-method status="PASS" signature="verifyDrive()[pri:8, instance:Testcases.Google_02_PageTest@2173f6d9]" name="verifyDrive" duration-ms="3194" started-at="2020-01-10T16:44:50 IST" finished-at="2020-01-10T16:44:54 IST">
          <reporter-output>
          </reporter-output>
        </test-method> <!-- verifyDrive -->
        <test-method status="PASS" signature="tearDown()[pri:0, instance:Testcases.Google_02_PageTest@2173f6d9]" name="tearDown" is-config="true" duration-ms="958" started-at="2020-01-10T16:44:54 IST" finished-at="2020-01-10T16:44:55 IST">
          <reporter-output>
          </reporter-output>
        </test-method> <!-- tearDown -->
        <test-method status="PASS" signature="setUp()[pri:0, instance:Testcases.Google_02_PageTest@2173f6d9]" name="setUp" is-config="true" duration-ms="7218" started-at="2020-01-10T16:44:55 IST" finished-at="2020-01-10T16:45:02 IST">
          <reporter-output>
          </reporter-output>
        </test-method> <!-- setUp -->
        <test-method status="PASS" signature="verifyTranslate()[pri:9, instance:Testcases.Google_02_PageTest@2173f6d9]" name="verifyTranslate" duration-ms="3401" started-at="2020-01-10T16:45:02 IST" finished-at="2020-01-10T16:45:05 IST">
          <reporter-output>
          </reporter-output>
        </test-method> <!-- verifyTranslate -->
        <test-method status="PASS" signature="tearDown()[pri:0, instance:Testcases.Google_02_PageTest@2173f6d9]" name="tearDown" is-config="true" duration-ms="922" started-at="2020-01-10T16:45:05 IST" finished-at="2020-01-10T16:45:06 IST">
          <reporter-output>
          </reporter-output>
        </test-method> <!-- tearDown -->
        <test-method status="PASS" signature="setUp()[pri:0, instance:Testcases.Google_02_PageTest@2173f6d9]" name="setUp" is-config="true" duration-ms="7533" started-at="2020-01-10T16:45:06 IST" finished-at="2020-01-10T16:45:14 IST">
          <reporter-output>
          </reporter-output>
        </test-method> <!-- setUp -->
        <test-method status="PASS" signature="verifyPhotos()[pri:10, instance:Testcases.Google_02_PageTest@2173f6d9]" name="verifyPhotos" duration-ms="3387" started-at="2020-01-10T16:45:14 IST" finished-at="2020-01-10T16:45:17 IST">
          <reporter-output>
          </reporter-output>
        </test-method> <!-- verifyPhotos -->
        <test-method status="PASS" signature="tearDown()[pri:0, instance:Testcases.Google_02_PageTest@2173f6d9]" name="tearDown" is-config="true" duration-ms="1000" started-at="2020-01-10T16:45:17 IST" finished-at="2020-01-10T16:45:18 IST">
          <reporter-output>
          </reporter-output>
        </test-method> <!-- tearDown -->
      </class> <!-- Testcases.Google_02_PageTest -->
    </test> <!-- Default test -->
  </suite> <!-- Default suite -->
</testng-results>
