<?xml version="1.0" encoding="UTF-8"?>
<!-- Generated by org.testng.reporters.JUnitReportReporter -->
<testsuite skipped="0" hostname="DESKTOP-987SG1D" name="Testcases.Google_02_PageTest" tests="10" failures="1" timestamp="2020-01-10T16:45:18 IST" time="122.122" errors="0">
  <testcase name="verifyAccount" time="11.570" classname="Testcases.Google_02_PageTest"/>
  <testcase name="verifySearch" time="12.034" classname="Testcases.Google_02_PageTest"/>
  <testcase name="verifyMaps" time="13.007" classname="Testcases.Google_02_PageTest"/>
  <testcase name="verifyYouTube" time="11.537" classname="Testcases.Google_02_PageTest"/>
  <testcase name="verifyPlay" time="11.073" classname="Testcases.Google_02_PageTest"/>
  <testcase name="verifyNews" time="11.871" classname="Testcases.Google_02_PageTest"/>
  <testcase name="verifyGmail" time="15.799" classname="Testcases.Google_02_PageTest">
    <failure type="java.lang.AssertionError" message="did not expect to find [true] but found [false]">
      <![CDATA[java.lang.AssertionError: did not expect to find [true] but found [false]
at org.testng.Assert.fail(Assert.java:97)
at org.testng.Assert.failNotEquals(Assert.java:969)
at org.testng.Assert.assertTrue(Assert.java:43)
at org.testng.Assert.assertTrue(Assert.java:53)
at pages.Google_02_Page.verifyGmail(Google_02_Page.java:176)
at Testcases.Google_02_PageTest.verifyGmail(Google_02_PageTest.java:97)
at sun.reflect.NativeMethodAccessorImpl.invoke0(Native Method)
at sun.reflect.NativeMethodAccessorImpl.invoke(NativeMethodAccessorImpl.java:62)
at sun.reflect.DelegatingMethodAccessorImpl.invoke(DelegatingMethodAccessorImpl.java:43)
at java.lang.reflect.Method.invoke(Method.java:498)
at org.testng.internal.MethodInvocationHelper.invokeMethod(MethodInvocationHelper.java:133)
at org.testng.internal.TestInvoker.invokeMethod(TestInvoker.java:584)
at org.testng.internal.TestInvoker.invokeTestMethod(TestInvoker.java:172)
at org.testng.internal.MethodRunner.runInSequence(MethodRunner.java:46)
at org.testng.internal.TestInvoker$MethodInvocationAgent.invoke(TestInvoker.java:804)
at org.testng.internal.TestInvoker.invokeTestMethods(TestInvoker.java:145)
at org.testng.internal.TestMethodWorker.invokeTestMethods(TestMethodWorker.java:146)
at org.testng.internal.TestMethodWorker.run(TestMethodWorker.java:128)
at java.util.ArrayList.forEach(ArrayList.java:1257)
at org.testng.TestRunner.privateRun(TestRunner.java:770)
at org.testng.TestRunner.run(TestRunner.java:591)
at org.testng.SuiteRunner.runTest(SuiteRunner.java:402)
at org.testng.SuiteRunner.runSequentially(SuiteRunner.java:396)
at org.testng.SuiteRunner.privateRun(SuiteRunner.java:355)
at org.testng.SuiteRunner.run(SuiteRunner.java:304)
at org.testng.SuiteRunnerWorker.runSuite(SuiteRunnerWorker.java:53)
at org.testng.SuiteRunnerWorker.run(SuiteRunnerWorker.java:96)
at org.testng.TestNG.runSuitesSequentially(TestNG.java:1180)
at org.testng.TestNG.runSuitesLocally(TestNG.java:1102)
at org.testng.TestNG.runSuites(TestNG.java:1032)
at org.testng.TestNG.run(TestNG.java:1000)
at org.testng.remote.AbstractRemoteTestNG.run(AbstractRemoteTestNG.java:115)
at org.testng.remote.RemoteTestNG.initAndRun(RemoteTestNG.java:251)
at org.testng.remote.RemoteTestNG.main(RemoteTestNG.java:77)
]]>
    </failure>
  </testcase> <!-- verifyGmail -->
  <testcase name="verifyDrive" time="12.137" classname="Testcases.Google_02_PageTest"/>
  <testcase name="verifyTranslate" time="12.357" classname="Testcases.Google_02_PageTest"/>
  <testcase name="verifyPhotos" time="10.737" classname="Testcases.Google_02_PageTest"/>
</testsuite> <!-- Testcases.Google_02_PageTest -->
